<?xml version="1.0" encoding="UTF-8"?>
<testng-results ignored="0" total="6" passed="6" failed="0" skipped="0">
  <reporter-output>
  </reporter-output>
  <suite started-at="2022-12-04T14:53:29 IST" name="Suite" finished-at="2022-12-04T14:54:11 IST" duration-ms="41758">
    <groups>
    </groups>
    <test started-at="2022-12-04T14:53:29 IST" name="Test" finished-at="2022-12-04T14:54:11 IST" duration-ms="41758">
      <class name="testCases.TC_002_LoginTest">
        <test-method is-config="true" signature="setup(java.lang.String)[pri:0, instance:testCases.TC_002_LoginTest@723ca036]" started-at="2022-12-04T14:53:29 IST" name="setup" finished-at="2022-12-04T14:53:33 IST" duration-ms="3692" status="PASS">
          <params>
            <param index="0">
              <value>
                <![CDATA[Chrome]]>
              </value>
            </param>
          </params>
          <reporter-output>
          </reporter-output>
        </test-method> <!-- setup -->
        <test-method signature="test_Login()[pri:0, instance:testCases.TC_002_LoginTest@723ca036]" started-at="2022-12-04T14:53:33 IST" name="test_Login" finished-at="2022-12-04T14:53:34 IST" duration-ms="942" status="PASS">
          <reporter-output>
          </reporter-output>
        </test-method> <!-- test_Login -->
        <test-method is-config="true" signature="tearDown()[pri:0, instance:testCases.TC_002_LoginTest@723ca036]" started-at="2022-12-04T14:53:34 IST" name="tearDown" finished-at="2022-12-04T14:53:34 IST" duration-ms="192" status="PASS">
          <reporter-output>
          </reporter-output>
        </test-method> <!-- tearDown -->
      </class> <!-- testCases.TC_002_LoginTest -->
      <class name="testCases.TC_003_LoginDataDrivenTest">
        <test-method is-config="true" signature="setup(java.lang.String)[pri:0, instance:testCases.TC_003_LoginDataDrivenTest@312aa7c]" started-at="2022-12-04T14:53:34 IST" name="setup" finished-at="2022-12-04T14:53:35 IST" duration-ms="1462" status="PASS">
          <params>
            <param index="0">
              <value>
                <![CDATA[Chrome]]>
              </value>
            </param>
          </params>
          <reporter-output>
          </reporter-output>
        </test-method> <!-- setup -->
        <test-method signature="test_LoginDDT(java.lang.String,java.lang.String,java.lang.String)[pri:0, instance:testCases.TC_003_LoginDataDrivenTest@312aa7c]" started-at="2022-12-04T14:53:36 IST" name="test_LoginDDT" data-provider="LoginData" finished-at="2022-12-04T14:53:37 IST" duration-ms="1079" status="PASS">
          <params>
            <param index="0">
              <value>
                <![CDATA[ashvini.testing1@gmail.com]]>
              </value>
            </param>
            <param index="1">
              <value>
                <![CDATA[Test@123]]>
              </value>
            </param>
            <param index="2">
              <value>
                <![CDATA[Valid]]>
              </value>
            </param>
          </params>
          <reporter-output>
          </reporter-output>
        </test-method> <!-- test_LoginDDT -->
        <test-method signature="test_LoginDDT(java.lang.String,java.lang.String,java.lang.String)[pri:0, instance:testCases.TC_003_LoginDataDrivenTest@312aa7c]" started-at="2022-12-04T14:53:37 IST" name="test_LoginDDT" data-provider="LoginData" finished-at="2022-12-04T14:53:48 IST" duration-ms="10664" status="PASS">
          <params>
            <param index="0">
              <value>
                <![CDATA[lakshmi@yahoo.com]]>
              </value>
            </param>
            <param index="1">
              <value>
                <![CDATA[Laxmi]]>
              </value>
            </param>
            <param index="2">
              <value>
                <![CDATA[Invalid]]>
              </value>
            </param>
          </params>
          <reporter-output>
          </reporter-output>
        </test-method> <!-- test_LoginDDT -->
        <test-method signature="test_LoginDDT(java.lang.String,java.lang.String,java.lang.String)[pri:0, instance:testCases.TC_003_LoginDataDrivenTest@312aa7c]" started-at="2022-12-04T14:53:48 IST" name="test_LoginDDT" data-provider="LoginData" finished-at="2022-12-04T14:53:59 IST" duration-ms="10544" status="PASS">
          <params>
            <param index="0">
              <value>
                <![CDATA[laksh@yahoo.com]]>
              </value>
            </param>
            <param index="1">
              <value>
                <![CDATA[Lakshmi]]>
              </value>
            </param>
            <param index="2">
              <value>
                <![CDATA[Invalid]]>
              </value>
            </param>
          </params>
          <reporter-output>
          </reporter-output>
        </test-method> <!-- test_LoginDDT -->
        <test-method signature="test_LoginDDT(java.lang.String,java.lang.String,java.lang.String)[pri:0, instance:testCases.TC_003_LoginDataDrivenTest@312aa7c]" started-at="2022-12-04T14:53:59 IST" name="test_LoginDDT" data-provider="LoginData" finished-at="2022-12-04T14:54:09 IST" duration-ms="10567" status="PASS">
          <params>
            <param index="0">
              <value>
                <![CDATA[laks@yahoo.com]]>
              </value>
            </param>
            <param index="1">
              <value>
                <![CDATA[xyz]]>
              </value>
            </param>
            <param index="2">
              <value>
                <![CDATA[Invalid]]>
              </value>
            </param>
          </params>
          <reporter-output>
          </reporter-output>
        </test-method> <!-- test_LoginDDT -->
        <test-method signature="test_LoginDDT(java.lang.String,java.lang.String,java.lang.String)[pri:0, instance:testCases.TC_003_LoginDataDrivenTest@312aa7c]" started-at="2022-12-04T14:54:09 IST" name="test_LoginDDT" data-provider="LoginData" finished-at="2022-12-04T14:54:10 IST" duration-ms="1162" status="PASS">
          <params>
            <param index="0">
              <value>
                <![CDATA[ashvini.testing1@gmail.com]]>
              </value>
            </param>
            <param index="1">
              <value>
                <![CDATA[Test@123]]>
              </value>
            </param>
            <param index="2">
              <value>
                <![CDATA[Valid]]>
              </value>
            </param>
          </params>
          <reporter-output>
          </reporter-output>
        </test-method> <!-- test_LoginDDT -->
        <test-method is-config="true" signature="tearDown()[pri:0, instance:testCases.TC_003_LoginDataDrivenTest@312aa7c]" started-at="2022-12-04T14:54:10 IST" name="tearDown" finished-at="2022-12-04T14:54:11 IST" duration-ms="186" status="PASS">
          <reporter-output>
          </reporter-output>
        </test-method> <!-- tearDown -->
      </class> <!-- testCases.TC_003_LoginDataDrivenTest -->
    </test> <!-- Test -->
  </suite> <!-- Suite -->
</testng-results>
